*** Now run 'make gdb'.
***
c[?7l[2J[0mSeaBIOS (version rel-1.17.0-0-gb52ca86e094d-prebuilt.qemu.org)


iPXE (http://ipxe.org) 00:03.0 CA00 PCI2.10 PnP PMM+06FD1EC0+06F31EC0 CA00
Press Ctrl-B to configure iPXE (PCI 00:03.0)...                                                                               


Booting from Hard Disk..6828 decimal is 15254 octal!
entering test_backtrace 5
entering test_backtrace 4
entering test_backtrace 3
entering test_backtrace 2
entering test_backtrace 1
entering test_backtrace 0
Stack backtrace:
  ebp f010af18  eip f010008f  args 00000000 00000000 00000000 0000001a f0100a0d
      kern/init.c:49: test_backtrace+0
  ebp f010af38  eip f0100068  args 00000000 00000001 f010af78 0000001a f0100a0d
      kern/init.c:10: test_backtrace+0
  ebp f010af58  eip f0100068  args 00000001 00000002 f010af98 0000001a f0100a0d
      kern/init.c:10: test_backtrace+0
  ebp f010af78  eip f0100068  args 00000002 00000003 f010afb8 0000001a f0100a0d
      kern/init.c:10: test_backtrace+0
  ebp f010af98  eip f0100068  args 00000003 00000004 00000000 0000001d 00000000
      kern/init.c:10: test_backtrace+0
  ebp f010afb8  eip f0100068  args 00000004 00000005 00000000 00010054 00010054
      kern/init.c:10: test_backtrace+0
  ebp f010afd8  eip f01000d4  args 00000005 00001aac 00000660 00000000 00000000
      kern/init.c:38: i386_init+0
  ebp f010aff8  eip f010003e  args 0010c021 00000000 00000000 00000000 00000000
      kern/init.c:48: test_backtrace+0
leaving test_backtrace 0
leaving test_backtrace 1
leaving test_backtrace 2
leaving test_backtrace 3
leaving test_backtrace 4
leaving test_backtrace 5
6828 decimal is 15254 octal!
Welcome to the JOS kernel monitor!
Type 'help' for a list of commands.
qemu-system-i386: terminating on signal 15 from pid 86349 (<unknown process>)
