usage: cmp [-l | -s | -x] [-bhz] [-i num1[:num2] | --ignore-initial=num1[:num2]] [-n num | --bytes=num] file1 file2 [skip1 [skip2]]
+ as kern/entry.S
i686-elf-gcc: warning: switch '-gstabs' is no longer supported
i686-elf-gcc: warning: switch '-gstabs' is no longer supported
+ cc kern/entrypgdir.c
i686-elf-gcc: warning: switch '-gstabs' is no longer supported
i686-elf-gcc: warning: switch '-gstabs' is no longer supported
usage: cmp [-l | -s | -x] [-bhz] [-i num1[:num2] | --ignore-initial=num1[:num2]] [-n num | --bytes=num] file1 file2 [skip1 [skip2]]
+ cc kern/init.c
i686-elf-gcc: warning: switch '-gstabs' is no longer supported
i686-elf-gcc: warning: switch '-gstabs' is no longer supported
+ cc kern/console.c
i686-elf-gcc: warning: switch '-gstabs' is no longer supported
i686-elf-gcc: warning: switch '-gstabs' is no longer supported
+ cc kern/monitor.c
i686-elf-gcc: warning: switch '-gstabs' is no longer supported
i686-elf-gcc: warning: switch '-gstabs' is no longer supported
+ cc kern/pmap.c
i686-elf-gcc: warning: switch '-gstabs' is no longer supported
i686-elf-gcc: warning: switch '-gstabs' is no longer supported
+ cc kern/kclock.c
i686-elf-gcc: warning: switch '-gstabs' is no longer supported
i686-elf-gcc: warning: switch '-gstabs' is no longer supported
+ cc kern/printf.c
i686-elf-gcc: warning: switch '-gstabs' is no longer supported
i686-elf-gcc: warning: switch '-gstabs' is no longer supported
+ cc kern/kdebug.c
i686-elf-gcc: warning: switch '-gstabs' is no longer supported
i686-elf-gcc: warning: switch '-gstabs' is no longer supported
+ cc lib/printfmt.c
i686-elf-gcc: warning: switch '-gstabs' is no longer supported
i686-elf-gcc: warning: switch '-gstabs' is no longer supported
+ cc lib/readline.c
i686-elf-gcc: warning: switch '-gstabs' is no longer supported
i686-elf-gcc: warning: switch '-gstabs' is no longer supported
+ cc lib/string.c
i686-elf-gcc: warning: switch '-gstabs' is no longer supported
i686-elf-gcc: warning: switch '-gstabs' is no longer supported
usage: cmp [-l | -s | -x] [-bhz] [-i num1[:num2] | --ignore-initial=num1[:num2]] [-n num | --bytes=num] file1 file2 [skip1 [skip2]]
+ ld obj/kern/kernel
i686-elf-ld: warning: section `.bss' type changed to PROGBITS
i686-elf-ld: warning: obj/kern/kernel has a LOAD segment with RWX permissions
+ mk obj/kern/kernel.img
***
*** Now run 'make gdb'.
***
c[?7l[2J[0mSeaBIOS (version rel-1.17.0-0-gb52ca86e094d-prebuilt.qemu.org)


iPXE (http://ipxe.org) 00:03.0 CA00 PCI2.10 PnP PMM+06FD1EC0+06F31EC0 CA00
Press Ctrl-B to configure iPXE (PCI 00:03.0)...                                                                               


Booting from Hard Disk..6828 decimal is XXX octal!
Physical memory: 131072K available, base = 640K, extended = 130432K
boot_alloc memory at f0110000, next memory allocate at f0111000
boot_alloc memory at f0111000, next memory allocate at f0151000
boot_alloc memory at f0151000, next memory allocate at f0151000
boot_alloc memory at f0151000, next memory allocate at f0151000
check_page_free_list() succeeded!
page_alloc: out of free memory
page_alloc: out of free memory
check_page_alloc() succeeded!
page_alloc: out of free memory
page_alloc: out of free memory
page_alloc: out of free memory
page_alloc: out of free memory
page_alloc: out of free memory
page_alloc: out of free memory
check_page() succeeded!
check_kern_pgdir() succeeded!
boot_alloc memory at f0151000, next memory allocate at f0151000
check_page_free_list() succeeded!
check_page_installed_pgdir() succeeded!
Welcome to the JOS kernel monitor!
Type 'help' for a list of commands.
qemu-system-i386: terminating on signal 15 from pid 34451 (<unknown process>)
